<?xml version="1.0" encoding="UTF-8"?>
<!-- Generated by org.testng.reporters.JUnitReportReporter -->
<testsuite skipped="0" hostname="LAPTOP-KDVJT0NJ" name="testSuite.SmokeTest" tests="1" failures="0" timestamp="14 Jul 2021 13:26:15 GMT" time="8.040" errors="0">
  <testcase name="smoketesting" time="8.040" classname="testSuite.SmokeTest"/>
</testsuite> <!-- testSuite.SmokeTest -->
