<?xml version="1.0" encoding="UTF-8"?>
<!-- Generated by org.testng.reporters.JUnitReportReporter -->
<testsuite skipped="0" hostname="LAPTOP-KDVJT0NJ" name="testSuite.Regression" tests="1" failures="0" timestamp="14 Jul 2021 13:26:15 GMT" time="42.014" errors="0">
  <testcase name="regressiontesting" time="42.014" classname="testSuite.Regression"/>
</testsuite> <!-- testSuite.Regression -->
