<?xml version="1.0" encoding="UTF-8"?>
<!-- Generated by org.testng.reporters.JUnitReportReporter -->
<testsuite skipped="0" hostname="LAPTOP-KDVJT0NJ" name="testSuites.ReTest" tests="1" failures="0" timestamp="04 May 2021 13:44:05 GMT" time="18.423" errors="0">
  <testcase name="retesting" time="18.423" classname="testSuites.ReTest"/>
</testsuite> <!-- testSuites.ReTest -->
